# JRE version: OpenJDK Runtime Environment Temurin-21.0.9+10 (21.0.9+10) (build 21.0.9+10-LTS)
# Java VM: OpenJDK 64-Bit Server VM Temurin-21.0.9+10 (21.0.9+10-LTS, mixed mode, sharing, tiered, compressed oops, compressed class ptrs, parallel gc, windows-amd64)
GC Precious Log:
 CardTable entry size: 512
 CPUs: 8 total, 8 available
 Memory: 7103M
 Large Page Support: Disabled
 NUMA Support: Disabled
 Compressed Oops: Enabled (32-bit)
 Alignments: Space 512K, Generation 512K, Heap 2M
 Heap Min Capacity: 100M
 Heap Initial Capacity: 100M
 Heap Max Capacity: 2G
 Pre-touch: Disabled
 Parallel Workers: 8
Heap:
 PSYoungGen      total 13824K, used 12672K [0x00000000d5580000, 0x00000000d6580000, 0x0000000100000000)
  eden space 11264K, 89% used [0x00000000d5580000,0x00000000d5f643d8,0x00000000d6080000)
  from space 2560K, 99% used [0x00000000d6300000,0x00000000d657bf80,0x00000000d6580000)
  to   space 1024K, 0% used [0x00000000d6080000,0x00000000d6080000,0x00000000d6180000)
 ParOldGen       total 1270272K, used 1270008K [0x0000000080000000, 0x00000000cd880000, 0x00000000d5580000)
  object space 1270272K, 99% used [0x0000000080000000,0x00000000cd83e338,0x00000000cd880000)
 Metaspace       used 79547K, committed 81216K, reserved 1179648K
  class space    used 9707K, committed 10432K, reserved 1048576K
GC Heap History (20 events):
Event: 1066.530 GC heap before
{Heap before GC invocations=1824 (full 3):
 PSYoungGen      total 10240K, used 9984K [0x00000000d5580000, 0x00000000d6080000, 0x0000000100000000)
  eden space 9216K, 100% used [0x00000000d5580000,0x00000000d5e80000,0x00000000d5e80000)
  from space 1024K, 75% used [0x00000000d5f80000,0x00000000d6040000,0x00000000d6080000)
  to   space 1024K, 0% used [0x00000000d5e80000,0x00000000d5e80000,0x00000000d5f80000)
 ParOldGen       total 1258496K, used 1258252K [0x0000000080000000, 0x00000000ccd00000, 0x00000000d5580000)
  object space 1258496K, 99% used [0x0000000080000000,0x00000000cccc3340,0x00000000ccd00000)
 Metaspace       used 79547K, committed 81216K, reserved 1179648K
  class space    used 9707K, committed 10432K, reserved 1048576K
}
Event: 1068.545 GC heap after
{Heap after GC invocations=1824 (full 3):
 PSYoungGen      total 10240K, used 704K [0x00000000d5580000, 0x00000000d6280000, 0x0000000100000000)
  eden space 9216K, 0% used [0x00000000d5580000,0x00000000d5580000,0x00000000d5e80000)
  from space 1024K, 68% used [0x00000000d5e80000,0x00000000d5f30000,0x00000000d5f80000)
  to   space 1024K, 0% used [0x00000000d6180000,0x00000000d6180000,0x00000000d6280000)
 ParOldGen       total 1260032K, used 1259804K [0x0000000080000000, 0x00000000cce80000, 0x00000000d5580000)
  object space 1260032K, 99% used [0x0000000080000000,0x00000000cce47348,0x00000000cce80000)
 Metaspace       used 79547K, committed 81216K, reserved 1179648K
  class space    used 9707K, committed 10432K, reserved 1048576K
}
Event: 1068.575 GC heap before
{Heap before GC invocations=1825 (full 3):
 PSYoungGen      total 10240K, used 9920K [0x00000000d5580000, 0x00000000d6280000, 0x0000000100000000)
  eden space 9216K, 100% used [0x00000000d5580000,0x00000000d5e80000,0x00000000d5e80000)
  from space 1024K, 68% used [0x00000000d5e80000,0x00000000d5f30000,0x00000000d5f80000)
  to   space 1024K, 0% used [0x00000000d6180000,0x00000000d6180000,0x00000000d6280000)
 ParOldGen       total 1260032K, used 1259804K [0x0000000080000000, 0x00000000cce80000, 0x00000000d5580000)
  object space 1260032K, 99% used [0x0000000080000000,0x00000000cce47348,0x00000000cce80000)
 Metaspace       used 79547K, committed 81216K, reserved 1179648K
  class space    used 9707K, committed 10432K, reserved 1048576K
}
Event: 1068.578 GC heap after
{Heap after GC invocations=1825 (full 3):
 PSYoungGen      total 12288K, used 704K [0x00000000d5580000, 0x00000000d6280000, 0x0000000100000000)
  eden space 11264K, 0% used [0x00000000d5580000,0x00000000d5580000,0x00000000d6080000)
  from space 1024K, 68% used [0x00000000d6180000,0x00000000d6230000,0x00000000d6280000)
  to   space 1024K, 0% used [0x00000000d6080000,0x00000000d6080000,0x00000000d6180000)
 ParOldGen       total 1260544K, used 1260388K [0x0000000080000000, 0x00000000ccf00000, 0x00000000d5580000)
  object space 1260544K, 99% used [0x0000000080000000,0x00000000cced9348,0x00000000ccf00000)
 Metaspace       used 79547K, committed 81216K, reserved 1179648K
  class space    used 9707K, committed 10432K, reserved 1048576K
}
Event: 1068.646 GC heap before
{Heap before GC invocations=1826 (full 3):
 PSYoungGen      total 12288K, used 11968K [0x00000000d5580000, 0x00000000d6280000, 0x0000000100000000)
  eden space 11264K, 100% used [0x00000000d5580000,0x00000000d6080000,0x00000000d6080000)
  from space 1024K, 68% used [0x00000000d6180000,0x00000000d6230000,0x00000000d6280000)
  to   space 1024K, 0% used [0x00000000d6080000,0x00000000d6080000,0x00000000d6180000)
 ParOldGen       total 1260544K, used 1260388K [0x0000000080000000, 0x00000000ccf00000, 0x00000000d5580000)
  object space 1260544K, 99% used [0x0000000080000000,0x00000000cced9348,0x00000000ccf00000)
 Metaspace       used 79547K, committed 81216K, reserved 1179648K
  class space    used 9707K, committed 10432K, reserved 1048576K
}
Event: 1068.650 GC heap after
{Heap after GC invocations=1826 (full 3):
 PSYoungGen      total 12288K, used 870K [0x00000000d5580000, 0x00000000d6500000, 0x0000000100000000)
  eden space 11264K, 0% used [0x00000000d5580000,0x00000000d5580000,0x00000000d6080000)
  from space 1024K, 85% used [0x00000000d6080000,0x00000000d6159ae8,0x00000000d6180000)
  to   space 1024K, 0% used [0x00000000d6400000,0x00000000d6400000,0x00000000d6500000)
 ParOldGen       total 1261056K, used 1260988K [0x0000000080000000, 0x00000000ccf80000, 0x00000000d5580000)
  object space 1261056K, 99% used [0x0000000080000000,0x00000000ccf6f348,0x00000000ccf80000)
 Metaspace       used 79547K, committed 81216K, reserved 1179648K
  class space    used 9707K, committed 10432K, reserved 1048576K
}
Event: 1068.701 GC heap before
{Heap before GC invocations=1827 (full 3):
 PSYoungGen      total 12288K, used 12134K [0x00000000d5580000, 0x00000000d6500000, 0x0000000100000000)
  eden space 11264K, 100% used [0x00000000d5580000,0x00000000d6080000,0x00000000d6080000)
  from space 1024K, 85% used [0x00000000d6080000,0x00000000d6159ae8,0x00000000d6180000)
  to   space 1024K, 0% used [0x00000000d6400000,0x00000000d6400000,0x00000000d6500000)
 ParOldGen       total 1261056K, used 1260988K [0x0000000080000000, 0x00000000ccf80000, 0x00000000d5580000)
  object space 1261056K, 99% used [0x0000000080000000,0x00000000ccf6f348,0x00000000ccf80000)
 Metaspace       used 79547K, committed 81216K, reserved 1179648K
  class space    used 9707K, committed 10432K, reserved 1048576K
}
Event: 1068.706 GC heap after
{Heap after GC invocations=1827 (full 3):
 PSYoungGen      total 12288K, used 992K [0x00000000d5580000, 0x00000000d6500000, 0x0000000100000000)
  eden space 11264K, 0% used [0x00000000d5580000,0x00000000d5580000,0x00000000d6080000)
  from space 1024K, 96% used [0x00000000d6400000,0x00000000d64f8000,0x00000000d6500000)
  to   space 1024K, 0% used [0x00000000d6080000,0x00000000d6080000,0x00000000d6180000)
 ParOldGen       total 1262080K, used 1261708K [0x0000000080000000, 0x00000000cd080000, 0x00000000d5580000)
  object space 1262080K, 99% used [0x0000000080000000,0x00000000cd023348,0x00000000cd080000)
 Metaspace       used 79547K, committed 81216K, reserved 1179648K
  class space    used 9707K, committed 10432K, reserved 1048576K
}
Event: 1068.756 GC heap before
{Heap before GC invocations=1828 (full 3):
 PSYoungGen      total 12288K, used 12256K [0x00000000d5580000, 0x00000000d6500000, 0x0000000100000000)
  eden space 11264K, 100% used [0x00000000d5580000,0x00000000d6080000,0x00000000d6080000)
  from space 1024K, 96% used [0x00000000d6400000,0x00000000d64f8000,0x00000000d6500000)
  to   space 1024K, 0% used [0x00000000d6080000,0x00000000d6080000,0x00000000d6180000)
 ParOldGen       total 1262080K, used 1261708K [0x0000000080000000, 0x00000000cd080000, 0x00000000d5580000)
  object space 1262080K, 99% used [0x0000000080000000,0x00000000cd023348,0x00000000cd080000)
 Metaspace       used 79547K, committed 81216K, reserved 1179648K
  class space    used 9707K, committed 10432K, reserved 1048576K
}
Event: 1068.762 GC heap after
{Heap after GC invocations=1828 (full 3):
 PSYoungGen      total 12288K, used 992K [0x00000000d5580000, 0x00000000d6480000, 0x0000000100000000)
  eden space 11264K, 0% used [0x00000000d5580000,0x00000000d5580000,0x00000000d6080000)
  from space 1024K, 96% used [0x00000000d6080000,0x00000000d6178000,0x00000000d6180000)
  to   space 1024K, 0% used [0x00000000d6380000,0x00000000d6380000,0x00000000d6480000)
 ParOldGen       total 1263104K, used 1262620K [0x0000000080000000, 0x00000000cd180000, 0x00000000d5580000)
  object space 1263104K, 99% used [0x0000000080000000,0x00000000cd107348,0x00000000cd180000)
 Metaspace       used 79547K, committed 81216K, reserved 1179648K
  class space    used 9707K, committed 10432K, reserved 1048576K
}
Event: 1068.816 GC heap before
{Heap before GC invocations=1829 (full 3):
 PSYoungGen      total 12288K, used 12256K [0x00000000d5580000, 0x00000000d6480000, 0x0000000100000000)
  eden space 11264K, 100% used [0x00000000d5580000,0x00000000d6080000,0x00000000d6080000)
  from space 1024K, 96% used [0x00000000d6080000,0x00000000d6178000,0x00000000d6180000)
  to   space 1024K, 0% used [0x00000000d6380000,0x00000000d6380000,0x00000000d6480000)
 ParOldGen       total 1263104K, used 1262620K [0x0000000080000000, 0x00000000cd180000, 0x00000000d5580000)
  object space 1263104K, 99% used [0x0000000080000000,0x00000000cd107348,0x00000000cd180000)
 Metaspace       used 79547K, committed 81216K, reserved 1179648K
  class space    used 9707K, committed 10432K, reserved 1048576K
}
Event: 1068.820 GC heap after
{Heap after GC invocations=1829 (full 3):
 PSYoungGen      total 12288K, used 992K [0x00000000d5580000, 0x00000000d6480000, 0x0000000100000000)
  eden space 11264K, 0% used [0x00000000d5580000,0x00000000d5580000,0x00000000d6080000)
  from space 1024K, 96% used [0x00000000d6380000,0x00000000d6478000,0x00000000d6480000)
  to   space 1024K, 0% used [0x00000000d6080000,0x00000000d6080000,0x00000000d6180000)
 ParOldGen       total 1263616K, used 1263492K [0x0000000080000000, 0x00000000cd200000, 0x00000000d5580000)
  object space 1263616K, 99% used [0x0000000080000000,0x00000000cd1e1348,0x00000000cd200000)
 Metaspace       used 79547K, committed 81216K, reserved 1179648K
  class space    used 9707K, committed 10432K, reserved 1048576K
}
Event: 1068.871 GC heap before
{Heap before GC invocations=1830 (full 3):
 PSYoungGen      total 12288K, used 12256K [0x00000000d5580000, 0x00000000d6480000, 0x0000000100000000)
  eden space 11264K, 100% used [0x00000000d5580000,0x00000000d6080000,0x00000000d6080000)
  from space 1024K, 96% used [0x00000000d6380000,0x00000000d6478000,0x00000000d6480000)
  to   space 1024K, 0% used [0x00000000d6080000,0x00000000d6080000,0x00000000d6180000)
 ParOldGen       total 1263616K, used 1263492K [0x0000000080000000, 0x00000000cd200000, 0x00000000d5580000)
  object space 1263616K, 99% used [0x0000000080000000,0x00000000cd1e1348,0x00000000cd200000)
 Metaspace       used 79547K, committed 81216K, reserved 1179648K
  class space    used 9707K, committed 10432K, reserved 1048576K
}
Event: 1068.874 GC heap after
{Heap after GC invocations=1830 (full 3):
 PSYoungGen      total 12288K, used 960K [0x00000000d5580000, 0x00000000d6400000, 0x0000000100000000)
  eden space 11264K, 0% used [0x00000000d5580000,0x00000000d5580000,0x00000000d6080000)
  from space 1024K, 93% used [0x00000000d6080000,0x00000000d6170000,0x00000000d6180000)
  to   space 1024K, 0% used [0x00000000d6300000,0x00000000d6300000,0x00000000d6400000)
 ParOldGen       total 1264640K, used 1264388K [0x0000000080000000, 0x00000000cd300000, 0x00000000d5580000)
  object space 1264640K, 99% used [0x0000000080000000,0x00000000cd2c1348,0x00000000cd300000)
 Metaspace       used 79547K, committed 81216K, reserved 1179648K
  class space    used 9707K, committed 10432K, reserved 1048576K
}
Event: 1068.930 GC heap before
{Heap before GC invocations=1831 (full 3):
 PSYoungGen      total 12288K, used 12224K [0x00000000d5580000, 0x00000000d6400000, 0x0000000100000000)
  eden space 11264K, 100% used [0x00000000d5580000,0x00000000d6080000,0x00000000d6080000)
  from space 1024K, 93% used [0x00000000d6080000,0x00000000d6170000,0x00000000d6180000)
  to   space 1024K, 0% used [0x00000000d6300000,0x00000000d6300000,0x00000000d6400000)
 ParOldGen       total 1264640K, used 1264388K [0x0000000080000000, 0x00000000cd300000, 0x00000000d5580000)
  object space 1264640K, 99% used [0x0000000080000000,0x00000000cd2c1348,0x00000000cd300000)
 Metaspace       used 79547K, committed 81216K, reserved 1179648K
  class space    used 9707K, committed 10432K, reserved 1048576K
}
Event: 1068.935 GC heap after
{Heap after GC invocations=1831 (full 3):
 PSYoungGen      total 12288K, used 992K [0x00000000d5580000, 0x00000000d6400000, 0x0000000100000000)
  eden space 11264K, 0% used [0x00000000d5580000,0x00000000d5580000,0x00000000d6080000)
  from space 1024K, 96% used [0x00000000d6300000,0x00000000d63f8000,0x00000000d6400000)
  to   space 1024K, 0% used [0x00000000d6080000,0x00000000d6080000,0x00000000d6180000)
 ParOldGen       total 1265664K, used 1265220K [0x0000000080000000, 0x00000000cd400000, 0x00000000d5580000)
  object space 1265664K, 99% used [0x0000000080000000,0x00000000cd391348,0x00000000cd400000)
 Metaspace       used 79547K, committed 81216K, reserved 1179648K
  class space    used 9707K, committed 10432K, reserved 1048576K
}
Event: 1068.986 GC heap before
{Heap before GC invocations=1832 (full 3):
 PSYoungGen      total 12288K, used 12256K [0x00000000d5580000, 0x00000000d6400000, 0x0000000100000000)
  eden space 11264K, 100% used [0x00000000d5580000,0x00000000d6080000,0x00000000d6080000)
  from space 1024K, 96% used [0x00000000d6300000,0x00000000d63f8000,0x00000000d6400000)
  to   space 1024K, 0% used [0x00000000d6080000,0x00000000d6080000,0x00000000d6180000)
 ParOldGen       total 1265664K, used 1265220K [0x0000000080000000, 0x00000000cd400000, 0x00000000d5580000)
  object space 1265664K, 99% used [0x0000000080000000,0x00000000cd391348,0x00000000cd400000)
 Metaspace       used 79547K, committed 81216K, reserved 1179648K
  class space    used 9707K, committed 10432K, reserved 1048576K
}
Event: 1068.990 GC heap after
{Heap after GC invocations=1832 (full 3):
 PSYoungGen      total 12288K, used 1024K [0x00000000d5580000, 0x00000000d6580000, 0x0000000100000000)
  eden space 11264K, 0% used [0x00000000d5580000,0x00000000d5580000,0x00000000d6080000)
  from space 1024K, 100% used [0x00000000d6080000,0x00000000d6180000,0x00000000d6180000)
  to   space 2560K, 0% used [0x00000000d6300000,0x00000000d6300000,0x00000000d6580000)
 ParOldGen       total 1266688K, used 1266332K [0x0000000080000000, 0x00000000cd500000, 0x00000000d5580000)
  object space 1266688K, 99% used [0x0000000080000000,0x00000000cd4a7348,0x00000000cd500000)
 Metaspace       used 79547K, committed 81216K, reserved 1179648K
  class space    used 9707K, committed 10432K, reserved 1048576K
}
Event: 1069.125 GC heap before
{Heap before GC invocations=1833 (full 3):
 PSYoungGen      total 12288K, used 12288K [0x00000000d5580000, 0x00000000d6580000, 0x0000000100000000)
  eden space 11264K, 100% used [0x00000000d5580000,0x00000000d6080000,0x00000000d6080000)
  from space 1024K, 100% used [0x00000000d6080000,0x00000000d6180000,0x00000000d6180000)
  to   space 2560K, 0% used [0x00000000d6300000,0x00000000d6300000,0x00000000d6580000)
 ParOldGen       total 1266688K, used 1266332K [0x0000000080000000, 0x00000000cd500000, 0x00000000d5580000)
  object space 1266688K, 99% used [0x0000000080000000,0x00000000cd4a7348,0x00000000cd500000)
 Metaspace       used 79547K, committed 81216K, reserved 1179648K
  class space    used 9707K, committed 10432K, reserved 1048576K
}
Event: 1071.154 GC heap after
{Heap after GC invocations=1833 (full 3):
 PSYoungGen      total 13824K, used 2543K [0x00000000d5580000, 0x00000000d6580000, 0x0000000100000000)
  eden space 11264K, 0% used [0x00000000d5580000,0x00000000d5580000,0x00000000d6080000)
  from space 2560K, 99% used [0x00000000d6300000,0x00000000d657bf80,0x00000000d6580000)
  to   space 1024K, 0% used [0x00000000d6080000,0x00000000d6080000,0x00000000d6180000)
 ParOldGen       total 1270272K, used 1270008K [0x0000000080000000, 0x00000000cd880000, 0x00000000d5580000)
  object space 1270272K, 99% used [0x0000000080000000,0x00000000cd83e338,0x00000000cd880000)
 Metaspace       used 79547K, committed 81216K, reserved 1179648K
  class space    used 9707K, committed 10432K, reserved 1048576K
}

